<?xml version="1.0" encoding="UTF-8"?>
<testsuite name="ch.noseryoung.test.ConsoleStreamTest" tests="1" skipped="0" failures="0" errors="0" timestamp="2023-03-29T14:31:18" hostname="LAPTOP-CSDEFB8L" time="0.012">
  <properties/>
  <testcase name="test_GetPortables_SortedByUnitsSold()" classname="ch.noseryoung.test.ConsoleStreamTest" time="0.012"/>
  <system-out><![CDATA[]]></system-out>
  <system-err><![CDATA[]]></system-err>
</testsuite>
